<?xml version="1.0" encoding="UTF-8"?>
<!-- Generated by org.testng.reporters.JUnitXMLReporter -->
<testsuite ignored="0" hostname="Vikas" failures="0" tests="3" name="LoginTestExecution" time="13.778" errors="0" timestamp="2026-03-23T16:15:35 IST">
  <testcase classname="TestPackage.CrossBrowserTest" name="testLogin" time="5.035"/>
  <testcase classname="TestPackage.CrossBrowserTest" name="testLogin" time="5.216"/>
  <testcase classname="TestPackage.CrossBrowserTest" name="testLogin" time="13.677"/>
</testsuite> <!-- LoginTestExecution -->
