<?xml version="1.0" encoding="UTF-8"?>
<!-- Generated by org.testng.reporters.JUnitReportReporter -->
<testsuite hostname="Vikas" failures="0" tests="3" name="TestPackage.CrossBrowserTest" time="130.616" errors="0" timestamp="2026-06-23T09:08:12 IST" skipped="0">
  <testcase classname="TestPackage.CrossBrowserTest" name="testLogin" time="24.738"/>
  <testcase classname="TestPackage.CrossBrowserTest" name="testLogin" time="73.902"/>
  <testcase classname="TestPackage.CrossBrowserTest" name="testLogin" time="31.976"/>
</testsuite> <!-- TestPackage.CrossBrowserTest -->
