<?xml version="1.0" encoding="UTF-8"?>
<!-- Generated by org.testng.reporters.JUnitReportReporter -->
<testsuite hostname="Vikas" failures="0" tests="3" name="TestPackage.CrossBrowserTest" time="24.060" errors="0" timestamp="2026-06-23T09:09:51 IST" skipped="0">
  <testcase classname="TestPackage.CrossBrowserTest" name="testLogin" time="8.057"/>
  <testcase classname="TestPackage.CrossBrowserTest" name="testLogin" time="8.083"/>
  <testcase classname="TestPackage.CrossBrowserTest" name="testLogin" time="7.920"/>
</testsuite> <!-- TestPackage.CrossBrowserTest -->
