<?xml version="1.0" encoding="UTF-8"?>
<!-- Generated by org.testng.reporters.JUnitXMLReporter -->
<testsuite ignored="1" hostname="Vikas" failures="0" tests="2" name="Test" time="0.073" errors="0" timestamp="2026-04-09T08:37:08 IST">
  <testcase classname="TestPackage.GroupsExample" name="loginTest" time="0.013"/>
  <testcase classname="TestPackage.GroupsExample" name="testCheckout" time="0.002"/>
  <testcase classname="TestPackage.GroupsExample" name="testAddToCart" time="0.0">
    <ignored/>
  </testcase> <!-- testAddToCart -->
</testsuite> <!-- Test -->
