<?xml version="1.0" encoding="UTF-8"?>
<!-- Generated by org.testng.reporters.JUnitXMLReporter -->
<testsuite ignored="0" hostname="Vikas" failures="0" tests="3" name="Surefire test" time="8.121" errors="0" timestamp="2026-06-23T09:09:51 IST">
  <testcase classname="TestPackage.CrossBrowserTest" name="testLogin" time="7.92"/>
  <testcase classname="TestPackage.CrossBrowserTest" name="testLogin" time="8.057"/>
  <testcase classname="TestPackage.CrossBrowserTest" name="testLogin" time="8.083"/>
</testsuite> <!-- Surefire test -->
