<?xml version="1.0" encoding="UTF-8"?>
<!-- Generated by org.testng.reporters.JUnitXMLReporter -->
<testsuite ignored="0" hostname="Vikas" failures="0" tests="3" name="Surefire test" time="73.945" errors="0" timestamp="2026-06-23T09:08:12 IST">
  <testcase classname="TestPackage.CrossBrowserTest" name="testLogin" time="24.738"/>
  <testcase classname="TestPackage.CrossBrowserTest" name="testLogin" time="31.976"/>
  <testcase classname="TestPackage.CrossBrowserTest" name="testLogin" time="73.902"/>
</testsuite> <!-- Surefire test -->
