<?xml version="1.0" encoding="UTF-8"?>
<testng-results ignored="0" total="3" passed="3" failed="0" skipped="0">
  <reporter-output>
  </reporter-output>
  <suite started-at="2026-06-23T09:09:43 IST" name="Surefire suite" finished-at="2026-06-23T09:09:51 IST" duration-ms="8121">
    <groups>
    </groups>
    <test started-at="2026-06-23T09:09:43 IST" name="Surefire test" finished-at="2026-06-23T09:09:51 IST" duration-ms="8121">
      <class name="TestPackage.CrossBrowserTest">
        <test-method signature="testLogin(java.lang.String)[pri:0, instance:TestPackage.CrossBrowserTest@323b36e0]" started-at="2026-06-23T09:09:43 IST" name="testLogin" data-provider="browsers" finished-at="2026-06-23T09:09:51 IST" duration-ms="8057" status="PASS">
          <params>
            <param index="0">
              <value>
                <![CDATA[chrome]]>
              </value>
            </param>
          </params>
          <reporter-output>
          </reporter-output>
        </test-method> <!-- testLogin -->
        <test-method signature="testLogin(java.lang.String)[pri:0, instance:TestPackage.CrossBrowserTest@323b36e0]" started-at="2026-06-23T09:09:43 IST" name="testLogin" data-provider="browsers" finished-at="2026-06-23T09:09:51 IST" duration-ms="8083" status="PASS">
          <params>
            <param index="0">
              <value>
                <![CDATA[edge]]>
              </value>
            </param>
          </params>
          <reporter-output>
          </reporter-output>
        </test-method> <!-- testLogin -->
        <test-method signature="testLogin(java.lang.String)[pri:0, instance:TestPackage.CrossBrowserTest@323b36e0]" started-at="2026-06-23T09:09:43 IST" name="testLogin" data-provider="browsers" finished-at="2026-06-23T09:09:51 IST" duration-ms="7920" status="PASS">
          <params>
            <param index="0">
              <value>
                <![CDATA[firefox]]>
              </value>
            </param>
          </params>
          <reporter-output>
          </reporter-output>
        </test-method> <!-- testLogin -->
      </class> <!-- TestPackage.CrossBrowserTest -->
    </test> <!-- Surefire test -->
  </suite> <!-- Surefire suite -->
</testng-results>
