<?xml version="1.0" encoding="UTF-8"?>
<testng-results ignored="0" total="1" passed="1" failed="0" skipped="0">
  <reporter-output>
  </reporter-output>
  <suite started-at="2026-06-23T09:39:26 IST" name="Surefire suite" finished-at="2026-06-23T09:39:26 IST" duration-ms="447">
    <groups>
    </groups>
    <test started-at="2026-06-23T09:39:26 IST" name="Surefire test" finished-at="2026-06-23T09:39:26 IST" duration-ms="447">
      <class name="pomClasses.PageFactoryClassTest">
        <test-method is-config="true" signature="setup()[pri:0, instance:pomClasses.PageFactoryClassTest@4b44655e]" started-at="2026-06-23T09:39:26 IST" name="setup" finished-at="2026-06-23T09:39:26 IST" duration-ms="381" status="PASS">
          <reporter-output>
          </reporter-output>
        </test-method> <!-- setup -->
        <test-method signature="testMethod_clicksElement()[pri:0, instance:pomClasses.PageFactoryClassTest@4b44655e]" started-at="2026-06-23T09:39:26 IST" name="testMethod_clicksElement" finished-at="2026-06-23T09:39:26 IST" duration-ms="38" status="PASS">
          <reporter-output>
          </reporter-output>
        </test-method> <!-- testMethod_clicksElement -->
      </class> <!-- pomClasses.PageFactoryClassTest -->
    </test> <!-- Surefire test -->
  </suite> <!-- Surefire suite -->
</testng-results>
