<?xml version="1.0" encoding="UTF-8"?>
<!-- Generated by org.testng.reporters.JUnitReportReporter -->
<testsuite hostname="Vikas" failures="0" tests="3" name="TestPackage.CrossBrowserTest" time="130.046" errors="0" timestamp="2026-03-25T14:39:14 IST" skipped="0">
  <testcase classname="TestPackage.CrossBrowserTest" name="testLogin" time="19.291"/>
  <testcase classname="TestPackage.CrossBrowserTest" name="testLogin" time="105.628"/>
  <testcase classname="TestPackage.CrossBrowserTest" name="testLogin" time="5.127"/>
</testsuite> <!-- TestPackage.CrossBrowserTest -->
